<?xml version="1.0" encoding="UTF-8"?>
<!-- Generated by org.testng.reporters.JUnitXMLReporter -->
<testsuite hostname="LAPTOP-BI8BBAAU" ignored="0" name="Default test" tests="4" failures="0" timestamp="2022-02-16T21:43:26 IST" time="27.024" errors="0">
  <testcase name="Test3" time="7.324" classname="com.selenium.TestCase2"/>
  <testcase name="Test2" time="4.09" classname="com.selenium.TestCase2"/>
  <testcase name="Test1" time="10.098" classname="com.selenium.TestCase2"/>
  <testcase name="Test4" time="3.152" classname="com.selenium.TestCase2"/>
</testsuite> <!-- Default test -->
