<?xml version="1.0" encoding="UTF-8"?>
<testng-results skipped="0" failed="0" ignored="0" total="4" passed="4">
  <reporter-output>
  </reporter-output>
  <suite name="Default suite" duration-ms="27024" started-at="2022-02-16T21:42:59 IST" finished-at="2022-02-16T21:43:26 IST">
    <groups>
    </groups>
    <test name="Default test" duration-ms="27024" started-at="2022-02-16T21:42:59 IST" finished-at="2022-02-16T21:43:26 IST">
      <class name="com.selenium.TestCase2">
        <test-method status="PASS" signature="beforeTest()[pri:0, instance:com.selenium.TestCase2@2781e022]" name="beforeTest" is-config="true" duration-ms="2321" started-at="2022-02-16T21:42:59 IST" finished-at="2022-02-16T21:43:01 IST">
          <reporter-output>
          </reporter-output>
        </test-method> <!-- beforeTest -->
        <test-method status="PASS" signature="beforeClass()[pri:0, instance:com.selenium.TestCase2@2781e022]" name="beforeClass" is-config="true" duration-ms="0" started-at="2022-02-16T21:43:01 IST" finished-at="2022-02-16T21:43:01 IST">
          <reporter-output>
          </reporter-output>
        </test-method> <!-- beforeClass -->
        <test-method status="PASS" signature="Test3()[pri:1, instance:com.selenium.TestCase2@2781e022]" name="Test3" duration-ms="7324" started-at="2022-02-16T21:43:01 IST" finished-at="2022-02-16T21:43:08 IST">
          <reporter-output>
          </reporter-output>
        </test-method> <!-- Test3 -->
        <test-method status="PASS" signature="Test2()[pri:2, instance:com.selenium.TestCase2@2781e022]" name="Test2" duration-ms="4090" started-at="2022-02-16T21:43:08 IST" finished-at="2022-02-16T21:43:12 IST">
          <reporter-output>
          </reporter-output>
        </test-method> <!-- Test2 -->
        <test-method status="PASS" signature="Test1()[pri:3, instance:com.selenium.TestCase2@2781e022]" name="Test1" duration-ms="10098" started-at="2022-02-16T21:43:12 IST" finished-at="2022-02-16T21:43:23 IST">
          <reporter-output>
          </reporter-output>
        </test-method> <!-- Test1 -->
        <test-method status="PASS" signature="Test4()[pri:4, instance:com.selenium.TestCase2@2781e022]" name="Test4" duration-ms="3152" started-at="2022-02-16T21:43:23 IST" finished-at="2022-02-16T21:43:26 IST">
          <reporter-output>
          </reporter-output>
        </test-method> <!-- Test4 -->
        <test-method status="PASS" signature="afterTest()[pri:0, instance:com.selenium.TestCase2@2781e022]" name="afterTest" is-config="true" duration-ms="1" started-at="2022-02-16T21:43:26 IST" finished-at="2022-02-16T21:43:26 IST">
          <reporter-output>
          </reporter-output>
        </test-method> <!-- afterTest -->
        <test-method status="PASS" signature="afterClass()[pri:0, instance:com.selenium.TestCase2@2781e022]" name="afterClass" is-config="true" duration-ms="0" started-at="2022-02-16T21:43:26 IST" finished-at="2022-02-16T21:43:26 IST">
          <reporter-output>
          </reporter-output>
        </test-method> <!-- afterClass -->
      </class> <!-- com.selenium.TestCase2 -->
    </test> <!-- Default test -->
  </suite> <!-- Default suite -->
</testng-results>
